This file contains any messages produced by compilers while
running configure, to aid debugging if configure makes a mistake.

configure:865: checking host system type
configure:906: checking target system type
configure:946: checking build system type
configure:1023: checking for a BSD compatible install
configure:1080: checking whether build environment is sane
configure:1141: checking for mawk
configure:1141: checking for gawk
configure:1171: checking whether make sets ${MAKE}
configure:1211: checking for working aclocal
configure:1224: checking for working autoconf
configure:1237: checking for working automake
configure:1250: checking for working autoheader
configure:1263: checking for working makeinfo
configure:1283: checking for gnutar
configure:1283: checking for gtar
configure:1355: checking configure arguments
configure:2525: checking for a BSD compatible install
configure:2658: checking for cc
configure:2700: checking for ar
configure:2750: checking for Cygwin environment
configure:2766: cc -c  -I/usr/local/berkeleydb/include -D_GNU_SOURCE conftest.c 1>&5
configure: In function 'main':
configure:2762: error: '__CYGWIN32__' undeclared (first use in this function)
configure:2762: error: (Each undeclared identifier is reported only once
configure:2762: error: for each function it appears in.)
configure: failed program was:
#line 2755 "configure"
#include "confdefs.h"

int main() {

#ifndef __CYGWIN__
#define __CYGWIN__ __CYGWIN32__
#endif
return __CYGWIN__;
; return 0; }
configure:2782: checking for mingw32 environment
configure:2794: cc -c  -I/usr/local/berkeleydb/include -D_GNU_SOURCE conftest.c 1>&5
configure: In function 'main':
configure:2790: error: '__MINGW32__' undeclared (first use in this function)
configure:2790: error: (Each undeclared identifier is reported only once
configure:2790: error: for each function it appears in.)
configure: failed program was:
#line 2787 "configure"
#include "confdefs.h"

int main() {
return __MINGW32__;
; return 0; }
configure:2810: checking for EMX OS/2 environment
configure:2822: cc -c  -I/usr/local/berkeleydb/include -D_GNU_SOURCE conftest.c 1>&5
configure: In function 'main':
configure:2818: error: '__EMX__' undeclared (first use in this function)
configure:2818: error: (Each undeclared identifier is reported only once
configure:2818: error: for each function it appears in.)
configure: failed program was:
#line 2815 "configure"
#include "confdefs.h"

int main() {
return __EMX__;
; return 0; }
configure:2838: checking how to run the C preprocessor
configure:2859: cc -E -I/usr/local/berkeleydb/include -D_GNU_SOURCE conftest.c >/dev/null 2>conftest.out
configure:2943: checking for gcc
configure:3056: checking whether the C compiler (cc  -I/usr/local/berkeleydb/include -D_GNU_SOURCE -L/usr/local/berkeleydb/lib) works
configure:3072: cc -o conftest  -I/usr/local/berkeleydb/include -D_GNU_SOURCE -L/usr/local/berkeleydb/lib conftest.c  1>&5
configure:3098: checking whether the C compiler (cc  -I/usr/local/berkeleydb/include -D_GNU_SOURCE -L/usr/local/berkeleydb/lib) is a cross-compiler
configure:3103: checking whether we are using GNU C
configure:3112: cc -E conftest.c
configure:3131: checking whether cc accepts -g
configure:3174: checking for ld used by GCC
configure:3242: checking if the linker (/usr/bin/ld) is GNU ld
GNU ld version 2.20.51.0.2-5.48.el6 20100205
configure:3259: checking for /usr/bin/ld option to reload object files
configure:3271: checking for BSD-compatible nm
configure:3309: checking for a sed that does not truncate output
configure:3393: checking whether ln -s works
configure:3414: checking how to recognise dependent libraries
configure:3604: checking for object suffix
configure:3610: cc -c -g -O2 -I/usr/local/berkeleydb/include -D_GNU_SOURCE conftest.c 1>&5
configure:3631: checking for executable suffix
configure:3641: cc -o conftest -g -O2 -I/usr/local/berkeleydb/include -D_GNU_SOURCE -L/usr/local/berkeleydb/lib conftest.c  1>&5
configure:3672: checking command to parse /usr/bin/nm -B output
configure:3755: cc -c -g -O2 -I/usr/local/berkeleydb/include -D_GNU_SOURCE conftest.c 1>&5
configure:3758: /usr/bin/nm -B conftest.o | sed -n -e 's/^.*[ ]\([ABCDGISTW][ABCDGISTW]*\)[ ][ ]*\(\)\([_A-Za-z][_A-Za-z0-9]*\)$/\1 \2\3 \3/p' > conftest.nm
configure:3809: cc -o conftest -g -O2 -I/usr/local/berkeleydb/include -D_GNU_SOURCE -L/usr/local/berkeleydb/lib conftest.c conftstm.o 1>&5
configure:3858: checking for dlfcn.h
configure:3868: cc -E -I/usr/local/berkeleydb/include -D_GNU_SOURCE conftest.c >/dev/null 2>conftest.out
configure:3904: checking for file
configure:4037: checking for ranlib
configure:4104: checking for strip
configure:4619: checking for objdir
configure:4646: checking for cc option to produce PIC
configure:4798: checking if cc PIC flag -fPIC works
configure:4812: cc -c -g -O2 -fPIC -DPIC -I/usr/local/berkeleydb/include -D_GNU_SOURCE conftest.c 1>&5
configure:4864: checking if cc static flag -static works
configure:4879: cc -o conftest -g -O2 -I/usr/local/berkeleydb/include -D_GNU_SOURCE -L/usr/local/berkeleydb/lib -static conftest.c  1>&5
/usr/bin/ld: cannot find -lc
collect2: ld returned 1 exit status
configure: failed program was:
#line 4872 "configure"
#include "confdefs.h"

int main() {

; return 0; }
configure:4906: checking if cc supports -c -o file.o
configure:4925: cc -c -g -O2 -o out/conftest2.o -I/usr/local/berkeleydb/include -D_GNU_SOURCE conftest.c 1>&5
configure:4954: checking if cc supports -c -o file.lo
configure:4972: cc -c -g -O2 -c -o conftest.lo -I/usr/local/berkeleydb/include -D_GNU_SOURCE conftest.c 1>&5
configure:5022: checking if cc supports -fno-rtti -fno-exceptions
configure:5035: cc -c -g -O2 -fno-rtti -fno-exceptions -c conftest.c -I/usr/local/berkeleydb/include -D_GNU_SOURCE conftest.c 1>&5
cc1: warning: command line option "-fno-rtti" is valid for C++/ObjC++ but not for C
cc1: warning: command line option "-fno-rtti" is valid for C++/ObjC++ but not for C
configure:5062: checking whether the linker (/usr/bin/ld) supports shared libraries
configure:5767: checking how to hardcode library paths into programs
configure:5795: checking whether stripping libraries is possible
configure:5809: checking dynamic linker characteristics
configure:6231: checking if libtool supports shared libraries
configure:6235: checking whether to build shared libraries
configure:6258: checking whether to build static libraries
configure:6299: checking for dllload
configure:6328: cc -o conftest -g -O2 -I/usr/local/berkeleydb/include -D_GNU_SOURCE -L/usr/local/berkeleydb/lib conftest.c  1>&5
/tmp/cc6F3W53.o: In function `main':
/opt/data/openldap-2.2.30/configure:6322: undefined reference to `dllload'
collect2: ld returned 1 exit status
configure: failed program was:
#line 6304 "configure"
#include "confdefs.h"
/* System header to define __stub macros and hopefully few prototypes,
    which can conflict with char dllload(); below.  */
#include <assert.h>
/* Override any gcc2 internal prototype to avoid an error.  */
/* We use char because int might match the return type of a gcc2
    builtin and then its argument prototype would still apply.  */
char dllload();
char (*f)();

int main() {

/* The GNU C library defines this for functions which it implements
    to always fail with ENOSYS.  Some functions are actually named
    something starting with __ and the normal name is an alias.  */
#if defined (__stub_dllload) || defined (__stub___dllload)
choke me
#else
f = dllload;
#endif

; return 0; }
configure:6346: checking for shl_load
configure:6375: cc -o conftest -g -O2 -I/usr/local/berkeleydb/include -D_GNU_SOURCE -L/usr/local/berkeleydb/lib conftest.c  1>&5
/tmp/ccOGqIVa.o: In function `main':
/opt/data/openldap-2.2.30/configure:6369: undefined reference to `shl_load'
collect2: ld returned 1 exit status
configure: failed program was:
#line 6351 "configure"
#include "confdefs.h"
/* System header to define __stub macros and hopefully few prototypes,
    which can conflict with char shl_load(); below.  */
#include <assert.h>
/* Override any gcc2 internal prototype to avoid an error.  */
/* We use char because int might match the return type of a gcc2
    builtin and then its argument prototype would still apply.  */
char shl_load();
char (*f)();

int main() {

/* The GNU C library defines this for functions which it implements
    to always fail with ENOSYS.  Some functions are actually named
    something starting with __ and the normal name is an alias.  */
#if defined (__stub_shl_load) || defined (__stub___shl_load)
choke me
#else
f = shl_load;
#endif

; return 0; }
configure:6393: checking for shl_load in -ldld
configure:6412: cc -o conftest -g -O2 -I/usr/local/berkeleydb/include -D_GNU_SOURCE -L/usr/local/berkeleydb/lib conftest.c -ldld   1>&5
/usr/bin/ld: cannot find -ldld
collect2: ld returned 1 exit status
configure: failed program was:
#line 6401 "configure"
#include "confdefs.h"
/* Override any gcc2 internal prototype to avoid an error.  */
/* We use char because int might match the return type of a gcc2
    builtin and then its argument prototype would still apply.  */
char shl_load();

int main() {
shl_load()
; return 0; }
configure:6431: checking for dlopen
configure:6460: cc -o conftest -g -O2 -I/usr/local/berkeleydb/include -D_GNU_SOURCE -L/usr/local/berkeleydb/lib conftest.c  1>&5
/tmp/ccjtac2i.o: In function `main':
/opt/data/openldap-2.2.30/configure:6454: undefined reference to `dlopen'
collect2: ld returned 1 exit status
configure: failed program was:
#line 6436 "configure"
#include "confdefs.h"
/* System header to define __stub macros and hopefully few prototypes,
    which can conflict with char dlopen(); below.  */
#include <assert.h>
/* Override any gcc2 internal prototype to avoid an error.  */
/* We use char because int might match the return type of a gcc2
    builtin and then its argument prototype would still apply.  */
char dlopen();
char (*f)();

int main() {

/* The GNU C library defines this for functions which it implements
    to always fail with ENOSYS.  Some functions are actually named
    something starting with __ and the normal name is an alias.  */
#if defined (__stub_dlopen) || defined (__stub___dlopen)
choke me
#else
f = dlopen;
#endif

; return 0; }
configure:6478: checking for dlopen in -ldl
configure:6497: cc -o conftest -g -O2 -I/usr/local/berkeleydb/include -D_GNU_SOURCE -L/usr/local/berkeleydb/lib conftest.c -ldl   1>&5
configure:6632: checking whether a program can dlopen itself
configure:6703: cc -o conftest -g -O2 -I/usr/local/berkeleydb/include -D_GNU_SOURCE -DHAVE_DLFCN_H -L/usr/local/berkeleydb/lib -Wl,--export-dynamic conftest.c -ldl  1>&5
configure: In function 'main':
configure:6699: warning: incompatible implicit declaration of built-in function 'exit'
configure:6726: checking whether a statically linked program can dlopen itself
configure:6797: cc -o conftest -g -O2 -I/usr/local/berkeleydb/include -D_GNU_SOURCE -DHAVE_DLFCN_H -L/usr/local/berkeleydb/lib -Wl,--export-dynamic  conftest.c -ldl  1>&5
configure: In function 'main':
configure:6793: warning: incompatible implicit declaration of built-in function 'exit'
configure:6846: checking whether -lc should be explicitly linked in
configure:6853: cc -c -g -O2 -I/usr/local/berkeleydb/include -D_GNU_SOURCE conftest.c 1>&5
configure:6866: cc -shared conftest.o  -v -Wl,-soname -Wl,conftest -o conftest 2>&1 | grep  -lc  >/dev/null 2>&1
configure:7453: checking whether ln works
configure:7476: checking whether ln -s works
configure:7555: checking how to run the C preprocessor
configure:7637: checking for Cygwin environment
configure:7669: checking for mingw32 environment
configure:7700: checking for executable suffix
configure:7731: checking for object suffix
configure:7761: checking for be_app in -lbe
configure:7780: cc -o conftest -g -O2 -I/usr/local/berkeleydb/include -D_GNU_SOURCE -L/usr/local/berkeleydb/lib conftest.c -lbe -lroot -lnet  1>&5
/usr/bin/ld: cannot find -lbe
collect2: ld returned 1 exit status
configure: failed program was:
#line 7769 "configure"
#include "confdefs.h"
/* Override any gcc2 internal prototype to avoid an error.  */
/* We use char because int might match the return type of a gcc2
    builtin and then its argument prototype would still apply.  */
char be_app();

int main() {
be_app()
; return 0; }
configure:7806: checking for cc option to accept ANSI C
configure:7860: cc  -c -g -O2 -I/usr/local/berkeleydb/include -D_GNU_SOURCE conftest.c 1>&5
configure:7894: checking for cc depend flag
configure:7904: cc -M conftest.c
configure:7937: checking for afopen in -ls
configure:7956: cc -o conftest -g -O2 -I/usr/local/berkeleydb/include -D_GNU_SOURCE -L/usr/local/berkeleydb/lib conftest.c -ls   1>&5
/usr/bin/ld: cannot find -ls
collect2: ld returned 1 exit status
configure: failed program was:
#line 7945 "configure"
#include "confdefs.h"
/* Override any gcc2 internal prototype to avoid an error.  */
/* We use char because int might match the return type of a gcc2
    builtin and then its argument prototype would still apply.  */
char afopen();

int main() {
afopen()
; return 0; }
configure:8111: checking for EBCDIC
configure:8126: cc -E -I/usr/local/berkeleydb/include -D_GNU_SOURCE conftest.c >/dev/null 2>conftest.out
configure:8120:38: error: __ASCII__/generate_error.h: No such file or directory
configure: failed program was:
#line 8117 "configure"
#include "confdefs.h"

#if !('M' == 0xd4)
#include <__ASCII__/generate_error.h>
#endif

configure:8150: checking for ANSI C header files
configure:8163: cc -E -I/usr/local/berkeleydb/include -D_GNU_SOURCE conftest.c >/dev/null 2>conftest.out
configure:8237: cc -o conftest -g -O2 -I/usr/local/berkeleydb/include -D_GNU_SOURCE -L/usr/local/berkeleydb/lib conftest.c  1>&5
configure: In function 'main':
configure:8230: warning: incompatible implicit declaration of built-in function 'exit'
configure:8271: checking for dirent.h that defines DIR
configure:8284: cc -c -g -O2 -I/usr/local/berkeleydb/include -D_GNU_SOURCE conftest.c 1>&5
configure:8309: checking for opendir in -ldir
configure:8328: cc -o conftest -g -O2 -I/usr/local/berkeleydb/include -D_GNU_SOURCE -L/usr/local/berkeleydb/lib conftest.c -ldir   1>&5
/usr/bin/ld: cannot find -ldir
collect2: ld returned 1 exit status
configure: failed program was:
#line 8317 "configure"
#include "confdefs.h"
/* Override any gcc2 internal prototype to avoid an error.  */
/* We use char because int might match the return type of a gcc2
    builtin and then its argument prototype would still apply.  */
char opendir();

int main() {
opendir()
; return 0; }
configure:8392: checking for sys/wait.h that is POSIX.1 compatible
configure:8413: cc -c -g -O2 -I/usr/local/berkeleydb/include -D_GNU_SOURCE conftest.c 1>&5
configure:8434: checking POSIX termios
configure:8449: cc -o conftest -g -O2 -I/usr/local/berkeleydb/include -D_GNU_SOURCE -L/usr/local/berkeleydb/lib conftest.c  1>&5
configure:8465: checking whether use of TIOCGWINSZ requires sys/ioctl.h
configure:8582: checking for arpa/inet.h
configure:8592: cc -E -I/usr/local/berkeleydb/include -D_GNU_SOURCE conftest.c >/dev/null 2>conftest.out
configure:8582: checking for arpa/nameser.h
configure:8592: cc -E -I/usr/local/berkeleydb/include -D_GNU_SOURCE conftest.c >/dev/null 2>conftest.out
configure:8582: checking for assert.h
configure:8592: cc -E -I/usr/local/berkeleydb/include -D_GNU_SOURCE conftest.c >/dev/null 2>conftest.out
configure:8582: checking for bits/types.h
configure:8592: cc -E -I/usr/local/berkeleydb/include -D_GNU_SOURCE conftest.c >/dev/null 2>conftest.out
configure:8582: checking for conio.h
configure:8592: cc -E -I/usr/local/berkeleydb/include -D_GNU_SOURCE conftest.c >/dev/null 2>conftest.out
configure:8588:19: error: conio.h: No such file or directory
configure: failed program was:
#line 8587 "configure"
#include "confdefs.h"
#include <conio.h>
configure:8582: checking for crypt.h
configure:8592: cc -E -I/usr/local/berkeleydb/include -D_GNU_SOURCE conftest.c >/dev/null 2>conftest.out
configure:8582: checking for direct.h
configure:8592: cc -E -I/usr/local/berkeleydb/include -D_GNU_SOURCE conftest.c >/dev/null 2>conftest.out
configure:8588:20: error: direct.h: No such file or directory
configure: failed program was:
#line 8587 "configure"
#include "confdefs.h"
#include <direct.h>
configure:8582: checking for errno.h
configure:8592: cc -E -I/usr/local/berkeleydb/include -D_GNU_SOURCE conftest.c >/dev/null 2>conftest.out
configure:8582: checking for fcntl.h
configure:8592: cc -E -I/usr/local/berkeleydb/include -D_GNU_SOURCE conftest.c >/dev/null 2>conftest.out
configure:8582: checking for filio.h
configure:8592: cc -E -I/usr/local/berkeleydb/include -D_GNU_SOURCE conftest.c >/dev/null 2>conftest.out
configure:8588:19: error: filio.h: No such file or directory
configure: failed program was:
#line 8587 "configure"
#include "confdefs.h"
#include <filio.h>
configure:8582: checking for getopt.h
configure:8592: cc -E -I/usr/local/berkeleydb/include -D_GNU_SOURCE conftest.c >/dev/null 2>conftest.out
configure:8582: checking for grp.h
configure:8592: cc -E -I/usr/local/berkeleydb/include -D_GNU_SOURCE conftest.c >/dev/null 2>conftest.out
configure:8582: checking for io.h
configure:8592: cc -E -I/usr/local/berkeleydb/include -D_GNU_SOURCE conftest.c >/dev/null 2>conftest.out
configure:8588:16: error: io.h: No such file or directory
configure: failed program was:
#line 8587 "configure"
#include "confdefs.h"
#include <io.h>
configure:8582: checking for libutil.h
configure:8592: cc -E -I/usr/local/berkeleydb/include -D_GNU_SOURCE conftest.c >/dev/null 2>conftest.out
configure:8588:21: error: libutil.h: No such file or directory
configure: failed program was:
#line 8587 "configure"
#include "confdefs.h"
#include <libutil.h>
configure:8582: checking for limits.h
configure:8592: cc -E -I/usr/local/berkeleydb/include -D_GNU_SOURCE conftest.c >/dev/null 2>conftest.out
configure:8582: checking for locale.h
configure:8592: cc -E -I/usr/local/berkeleydb/include -D_GNU_SOURCE conftest.c >/dev/null 2>conftest.out
configure:8582: checking for netinet/tcp.h
configure:8592: cc -E -I/usr/local/berkeleydb/include -D_GNU_SOURCE conftest.c >/dev/null 2>conftest.out
configure:8582: checking for malloc.h
configure:8592: cc -E -I/usr/local/berkeleydb/include -D_GNU_SOURCE conftest.c >/dev/null 2>conftest.out
configure:8582: checking for memory.h
configure:8592: cc -E -I/usr/local/berkeleydb/include -D_GNU_SOURCE conftest.c >/dev/null 2>conftest.out
configure:8582: checking for psap.h
configure:8592: cc -E -I/usr/local/berkeleydb/include -D_GNU_SOURCE conftest.c >/dev/null 2>conftest.out
configure:8588:18: error: psap.h: No such file or directory
configure: failed program was:
#line 8587 "configure"
#include "confdefs.h"
#include <psap.h>
configure:8582: checking for pwd.h
configure:8592: cc -E -I/usr/local/berkeleydb/include -D_GNU_SOURCE conftest.c >/dev/null 2>conftest.out
configure:8582: checking for process.h
configure:8592: cc -E -I/usr/local/berkeleydb/include -D_GNU_SOURCE conftest.c >/dev/null 2>conftest.out
configure:8588:21: error: process.h: No such file or directory
configure: failed program was:
#line 8587 "configure"
#include "confdefs.h"
#include <process.h>
configure:8582: checking for resolv.h
configure:8592: cc -E -I/usr/local/berkeleydb/include -D_GNU_SOURCE conftest.c >/dev/null 2>conftest.out
configure:8582: checking for sgtty.h
configure:8592: cc -E -I/usr/local/berkeleydb/include -D_GNU_SOURCE conftest.c >/dev/null 2>conftest.out
configure:8582: checking for shadow.h
configure:8592: cc -E -I/usr/local/berkeleydb/include -D_GNU_SOURCE conftest.c >/dev/null 2>conftest.out
configure:8582: checking for stddef.h
configure:8592: cc -E -I/usr/local/berkeleydb/include -D_GNU_SOURCE conftest.c >/dev/null 2>conftest.out
configure:8582: checking for string.h
configure:8592: cc -E -I/usr/local/berkeleydb/include -D_GNU_SOURCE conftest.c >/dev/null 2>conftest.out
configure:8582: checking for strings.h
configure:8592: cc -E -I/usr/local/berkeleydb/include -D_GNU_SOURCE conftest.c >/dev/null 2>conftest.out
configure:8582: checking for sysexits.h
configure:8592: cc -E -I/usr/local/berkeleydb/include -D_GNU_SOURCE conftest.c >/dev/null 2>conftest.out
configure:8582: checking for sys/file.h
configure:8592: cc -E -I/usr/local/berkeleydb/include -D_GNU_SOURCE conftest.c >/dev/null 2>conftest.out
configure:8582: checking for sys/filio.h
configure:8592: cc -E -I/usr/local/berkeleydb/include -D_GNU_SOURCE conftest.c >/dev/null 2>conftest.out
configure:8588:23: error: sys/filio.h: No such file or directory
configure: failed program was:
#line 8587 "configure"
#include "confdefs.h"
#include <sys/filio.h>
configure:8582: checking for sys/errno.h
configure:8592: cc -E -I/usr/local/berkeleydb/include -D_GNU_SOURCE conftest.c >/dev/null 2>conftest.out
configure:8582: checking for sys/ioctl.h
configure:8592: cc -E -I/usr/local/berkeleydb/include -D_GNU_SOURCE conftest.c >/dev/null 2>conftest.out
configure:8582: checking for sys/param.h
configure:8592: cc -E -I/usr/local/berkeleydb/include -D_GNU_SOURCE conftest.c >/dev/null 2>conftest.out
configure:8582: checking for sys/resource.h
configure:8592: cc -E -I/usr/local/berkeleydb/include -D_GNU_SOURCE conftest.c >/dev/null 2>conftest.out
configure:8582: checking for sys/select.h
configure:8592: cc -E -I/usr/local/berkeleydb/include -D_GNU_SOURCE conftest.c >/dev/null 2>conftest.out
configure:8582: checking for sys/socket.h
configure:8592: cc -E -I/usr/local/berkeleydb/include -D_GNU_SOURCE conftest.c >/dev/null 2>conftest.out
configure:8582: checking for sys/stat.h
configure:8592: cc -E -I/usr/local/berkeleydb/include -D_GNU_SOURCE conftest.c >/dev/null 2>conftest.out
configure:8582: checking for sys/syslog.h
configure:8592: cc -E -I/usr/local/berkeleydb/include -D_GNU_SOURCE conftest.c >/dev/null 2>conftest.out
configure:8582: checking for sys/time.h
configure:8592: cc -E -I/usr/local/berkeleydb/include -D_GNU_SOURCE conftest.c >/dev/null 2>conftest.out
configure:8582: checking for sys/types.h
configure:8592: cc -E -I/usr/local/berkeleydb/include -D_GNU_SOURCE conftest.c >/dev/null 2>conftest.out
configure:8582: checking for sys/ucred.h
configure:8592: cc -E -I/usr/local/berkeleydb/include -D_GNU_SOURCE conftest.c >/dev/null 2>conftest.out
configure:8588:23: error: sys/ucred.h: No such file or directory
configure: failed program was:
#line 8587 "configure"
#include "confdefs.h"
#include <sys/ucred.h>
configure:8582: checking for sys/uio.h
configure:8592: cc -E -I/usr/local/berkeleydb/include -D_GNU_SOURCE conftest.c >/dev/null 2>conftest.out
configure:8582: checking for syslog.h
configure:8592: cc -E -I/usr/local/berkeleydb/include -D_GNU_SOURCE conftest.c >/dev/null 2>conftest.out
configure:8582: checking for termios.h
configure:8592: cc -E -I/usr/local/berkeleydb/include -D_GNU_SOURCE conftest.c >/dev/null 2>conftest.out
configure:8582: checking for unistd.h
configure:8592: cc -E -I/usr/local/berkeleydb/include -D_GNU_SOURCE conftest.c >/dev/null 2>conftest.out
configure:8582: checking for winsock.h
configure:8592: cc -E -I/usr/local/berkeleydb/include -D_GNU_SOURCE conftest.c >/dev/null 2>conftest.out
configure:8588:21: error: winsock.h: No such file or directory
configure: failed program was:
#line 8587 "configure"
#include "confdefs.h"
#include <winsock.h>
configure:8582: checking for winsock2.h
configure:8592: cc -E -I/usr/local/berkeleydb/include -D_GNU_SOURCE conftest.c >/dev/null 2>conftest.out
configure:8588:22: error: winsock2.h: No such file or directory
configure: failed program was:
#line 8587 "configure"
#include "confdefs.h"
#include <winsock2.h>
configure:8624: checking for sigaction
configure:8653: cc -o conftest -g -O2 -I/usr/local/berkeleydb/include -D_GNU_SOURCE -L/usr/local/berkeleydb/lib conftest.c  1>&5
configure:8624: checking for sigset
configure:8653: cc -o conftest -g -O2 -I/usr/local/berkeleydb/include -D_GNU_SOURCE -L/usr/local/berkeleydb/lib conftest.c  1>&5
configure:8789: checking for socket
configure:8818: cc -o conftest -g -O2 -I/usr/local/berkeleydb/include -D_GNU_SOURCE -L/usr/local/berkeleydb/lib conftest.c  1>&5
configure:9103: checking for select
configure:9132: cc -o conftest -g -O2 -I/usr/local/berkeleydb/include -D_GNU_SOURCE -L/usr/local/berkeleydb/lib conftest.c  1>&5
configure:9155: checking types of arguments for select()
configure:9188: cc -c -g -O2 -I/usr/local/berkeleydb/include -D_GNU_SOURCE conftest.c 1>&5
configure:9233: checking for regex.h
configure:9243: cc -E -I/usr/local/berkeleydb/include -D_GNU_SOURCE conftest.c >/dev/null 2>conftest.out
configure:9274: checking for library containing regfree
configure:9292: cc -o conftest -g -O2 -I/usr/local/berkeleydb/include -D_GNU_SOURCE -L/usr/local/berkeleydb/lib conftest.c  1>&5
configure:9337: checking for compatible POSIX regex
configure:9372: cc -o conftest -g -O2 -I/usr/local/berkeleydb/include -D_GNU_SOURCE -L/usr/local/berkeleydb/lib conftest.c  1>&5
configure:9398: checking for sys/uuid.h
configure:9408: cc -E -I/usr/local/berkeleydb/include -D_GNU_SOURCE conftest.c >/dev/null 2>conftest.out
configure:9404:22: error: sys/uuid.h: No such file or directory
configure: failed program was:
#line 9403 "configure"
#include "confdefs.h"
#include <sys/uuid.h>
configure:9513: checking to see if -lrpcrt4 is needed for win32 UUID support
configure:9530: cc -o conftest -g -O2 -I/usr/local/berkeleydb/include -D_GNU_SOURCE -L/usr/local/berkeleydb/lib conftest.c  -lrpcrt4 1>&5
configure:9519: error: expected '=', ',', ';', 'asm' or '__attribute__' before 'UuidCreate'
configure:9520: error: expected '=', ',', ';', 'asm' or '__attribute__' before 'UuidToStringA'
configure: failed program was:
#line 9517 "configure"
#include "confdefs.h"

		int __stdcall UuidCreate(void *);
		int __stdcall UuidToStringA(void *,void **);
		
int main() {

		UuidCreate(0);
		UuidToStringA(0,0);
		
; return 0; }
configure:9549: checking for res_query
configure:9578: cc -o conftest -g -O2 -I/usr/local/berkeleydb/include -D_GNU_SOURCE -L/usr/local/berkeleydb/lib conftest.c  1>&5
/tmp/ccoAJAZe.o: In function `main':
/opt/data/openldap-2.2.30/configure:9572: undefined reference to `res_query'
collect2: ld returned 1 exit status
configure: failed program was:
#line 9554 "configure"
#include "confdefs.h"
/* System header to define __stub macros and hopefully few prototypes,
    which can conflict with char res_query(); below.  */
#include <assert.h>
/* Override any gcc2 internal prototype to avoid an error.  */
/* We use char because int might match the return type of a gcc2
    builtin and then its argument prototype would still apply.  */
char res_query();
char (*f)();

int main() {

/* The GNU C library defines this for functions which it implements
    to always fail with ENOSYS.  Some functions are actually named
    something starting with __ and the normal name is an alias.  */
#if defined (__stub_res_query) || defined (__stub___res_query)
choke me
#else
f = res_query;
#endif

; return 0; }
configure:9599: checking for __res_query
configure:9628: cc -o conftest -g -O2 -I/usr/local/berkeleydb/include -D_GNU_SOURCE -L/usr/local/berkeleydb/lib conftest.c  1>&5
/tmp/cck4bM9l.o: In function `main':
/opt/data/openldap-2.2.30/configure:9622: undefined reference to `__res_query'
collect2: ld returned 1 exit status
configure: failed program was:
#line 9604 "configure"
#include "confdefs.h"
/* System header to define __stub macros and hopefully few prototypes,
    which can conflict with char __res_query(); below.  */
#include <assert.h>
/* Override any gcc2 internal prototype to avoid an error.  */
/* We use char because int might match the return type of a gcc2
    builtin and then its argument prototype would still apply.  */
char __res_query();
char (*f)();

int main() {

/* The GNU C library defines this for functions which it implements
    to always fail with ENOSYS.  Some functions are actually named
    something starting with __ and the normal name is an alias.  */
#if defined (__stub___res_query) || defined (__stub_____res_query)
choke me
#else
f = __res_query;
#endif

; return 0; }
configure:9652: checking for res_query in -lbind
configure:9671: cc -o conftest -g -O2 -I/usr/local/berkeleydb/include -D_GNU_SOURCE -L/usr/local/berkeleydb/lib conftest.c -lbind   1>&5
/usr/bin/ld: cannot find -lbind
collect2: ld returned 1 exit status
configure: failed program was:
#line 9660 "configure"
#include "confdefs.h"
/* Override any gcc2 internal prototype to avoid an error.  */
/* We use char because int might match the return type of a gcc2
    builtin and then its argument prototype would still apply.  */
char res_query();

int main() {
res_query()
; return 0; }
configure:9703: checking for __res_query in -lbind
configure:9722: cc -o conftest -g -O2 -I/usr/local/berkeleydb/include -D_GNU_SOURCE -L/usr/local/berkeleydb/lib conftest.c -lbind   1>&5
/usr/bin/ld: cannot find -lbind
collect2: ld returned 1 exit status
configure: failed program was:
#line 9711 "configure"
#include "confdefs.h"
/* Override any gcc2 internal prototype to avoid an error.  */
/* We use char because int might match the return type of a gcc2
    builtin and then its argument prototype would still apply.  */
char __res_query();

int main() {
__res_query()
; return 0; }
configure:9754: checking for res_query in -lresolv
configure:9773: cc -o conftest -g -O2 -I/usr/local/berkeleydb/include -D_GNU_SOURCE -L/usr/local/berkeleydb/lib conftest.c -lresolv   1>&5
/tmp/ccr8i3OB.o: In function `main':
/opt/data/openldap-2.2.30/configure:9769: undefined reference to `res_query'
collect2: ld returned 1 exit status
configure: failed program was:
#line 9762 "configure"
#include "confdefs.h"
/* Override any gcc2 internal prototype to avoid an error.  */
/* We use char because int might match the return type of a gcc2
    builtin and then its argument prototype would still apply.  */
char res_query();

int main() {
res_query()
; return 0; }
configure:9805: checking for __res_query in -lresolv
configure:9824: cc -o conftest -g -O2 -I/usr/local/berkeleydb/include -D_GNU_SOURCE -L/usr/local/berkeleydb/lib conftest.c -lresolv   1>&5
configure:9923: checking for getaddrinfo
configure:9952: cc -o conftest -g -O2 -I/usr/local/berkeleydb/include -D_GNU_SOURCE -L/usr/local/berkeleydb/lib conftest.c -lresolv  1>&5
configure:9923: checking for getnameinfo
configure:9952: cc -o conftest -g -O2 -I/usr/local/berkeleydb/include -D_GNU_SOURCE -L/usr/local/berkeleydb/lib conftest.c -lresolv  1>&5
configure:9923: checking for gai_strerror
configure:9952: cc -o conftest -g -O2 -I/usr/local/berkeleydb/include -D_GNU_SOURCE -L/usr/local/berkeleydb/lib conftest.c -lresolv  1>&5
configure:9923: checking for inet_ntop
configure:9952: cc -o conftest -g -O2 -I/usr/local/berkeleydb/include -D_GNU_SOURCE -L/usr/local/berkeleydb/lib conftest.c -lresolv  1>&5
configure:9984: checking INET6_ADDRSTRLEN
configure:10015: checking struct sockaddr_storage
configure:10033: cc -c -g -O2 -I/usr/local/berkeleydb/include -D_GNU_SOURCE conftest.c 1>&5
configure:10064: checking for sys/un.h
configure:10074: cc -E -I/usr/local/berkeleydb/include -D_GNU_SOURCE conftest.c >/dev/null 2>conftest.out
configure:10713: checking for openssl/ssl.h
configure:10723: cc -E -I/usr/local/berkeleydb/include -D_GNU_SOURCE conftest.c >/dev/null 2>conftest.out
configure:10719:25: error: openssl/ssl.h: No such file or directory
configure: failed program was:
#line 10718 "configure"
#include "confdefs.h"
#include <openssl/ssl.h>
configure:10713: checking for ssl.h
configure:10723: cc -E -I/usr/local/berkeleydb/include -D_GNU_SOURCE conftest.c >/dev/null 2>conftest.out
configure:10719:17: error: ssl.h: No such file or directory
configure: failed program was:
#line 10718 "configure"
#include "confdefs.h"
#include <ssl.h>
configure:10945: checking for _beginthread
configure:10974: cc -o conftest -g -O2 -I/usr/local/berkeleydb/include -D_GNU_SOURCE -L/usr/local/berkeleydb/lib conftest.c -lresolv  1>&5
/tmp/cc5IIe2x.o: In function `main':
/opt/data/openldap-2.2.30/configure:10968: undefined reference to `_beginthread'
collect2: ld returned 1 exit status
configure: failed program was:
#line 10950 "configure"
#include "confdefs.h"
/* System header to define __stub macros and hopefully few prototypes,
    which can conflict with char _beginthread(); below.  */
#include <assert.h>
/* Override any gcc2 internal prototype to avoid an error.  */
/* We use char because int might match the return type of a gcc2
    builtin and then its argument prototype would still apply.  */
char _beginthread();
char (*f)();

int main() {

/* The GNU C library defines this for functions which it implements
    to always fail with ENOSYS.  Some functions are actually named
    something starting with __ and the normal name is an alias.  */
#if defined (__stub__beginthread) || defined (__stub____beginthread)
choke me
#else
f = _beginthread;
#endif

; return 0; }
configure:11030: checking for pthread.h
configure:11040: cc -E -I/usr/local/berkeleydb/include -D_GNU_SOURCE conftest.c >/dev/null 2>conftest.out
configure:11069: checking POSIX thread version
configure:11086: cc -c -g -O2 -I/usr/local/berkeleydb/include -D_GNU_SOURCE conftest.c 1>&5
configure:11186: checking for LinuxThreads pthread.h
configure:11218: checking for GNU Pth pthread.h
configure:11252: checking for sched.h
configure:11262: cc -E -I/usr/local/berkeleydb/include -D_GNU_SOURCE conftest.c >/dev/null 2>conftest.out
configure:11292: checking for pthread_create in default libraries
configure:11450: cc -o conftest -g -O2 -I/usr/local/berkeleydb/include -D_GNU_SOURCE -L/usr/local/berkeleydb/lib conftest.c -lresolv  1>&5
configure: In function 'task':
configure:11391: warning: cast to pointer from integer of different size
/tmp/cc8x0bTT.o: In function `main':
/opt/data/openldap-2.2.30/configure:11422: undefined reference to `pthread_create'
collect2: ld returned 1 exit status
configure: failed program was:
#line 11378 "configure"
#include "confdefs.h"
/* pthread test headers */
#include <pthread.h>
#if HAVE_PTHREADS < 7
#include <errno.h>
#endif
#ifndef NULL
#define NULL (void*)0
#endif

static void *task(p)
	void *p;
{
	return (void *) (p == NULL);
}


int main(argc, argv)
	int argc;
	char **argv;
{

	/* pthread test function */
#ifndef PTHREAD_CREATE_DETACHED
#define	PTHREAD_CREATE_DETACHED	1
#endif
	pthread_t t;
	int status;
	int detach = PTHREAD_CREATE_DETACHED;

#if HAVE_PTHREADS > 4
	/* Final pthreads */
	pthread_attr_t attr;

	status = pthread_attr_init(&attr);
	if( status ) return status;

#if HAVE_PTHREADS < 7
	status = pthread_attr_setdetachstate(&attr, &detach);
	if( status < 0 ) status = errno;
#else
	status = pthread_attr_setdetachstate(&attr, detach);
#endif
	if( status ) return status;
	status = pthread_create( &t, &attr, task, NULL );
#if HAVE_PTHREADS < 7
	if( status < 0 ) status = errno;
#endif
	if( status ) return status;
#else
	/* Draft 4 pthreads */
	status = pthread_create( &t, pthread_attr_default, task, NULL );
	if( status ) return errno;

	/* give thread a chance to complete */
	/* it should remain joinable and hence detachable */
	sleep( 1 );

	status = pthread_detach( &t );
	if( status ) return errno;
#endif

#ifdef HAVE_LINUX_THREADS
	pthread_kill_other_threads_np();
#endif

	return 0;

}

configure:11475: checking for pthread link with -kthread
configure:11637: cc -o conftest -g -O2 -I/usr/local/berkeleydb/include -D_GNU_SOURCE -L/usr/local/berkeleydb/lib conftest.c -kthread -lresolv  1>&5
cc: unrecognized option '-kthread'
configure: In function 'task':
configure:11578: warning: cast to pointer from integer of different size
/tmp/ccIljnZ0.o: In function `main':
/opt/data/openldap-2.2.30/configure:11609: undefined reference to `pthread_create'
collect2: ld returned 1 exit status
configure: failed program was:
#line 11565 "configure"
#include "confdefs.h"
/* pthread test headers */
#include <pthread.h>
#if HAVE_PTHREADS < 7
#include <errno.h>
#endif
#ifndef NULL
#define NULL (void*)0
#endif

static void *task(p)
	void *p;
{
	return (void *) (p == NULL);
}


int main(argc, argv)
	int argc;
	char **argv;
{

	/* pthread test function */
#ifndef PTHREAD_CREATE_DETACHED
#define	PTHREAD_CREATE_DETACHED	1
#endif
	pthread_t t;
	int status;
	int detach = PTHREAD_CREATE_DETACHED;

#if HAVE_PTHREADS > 4
	/* Final pthreads */
	pthread_attr_t attr;

	status = pthread_attr_init(&attr);
	if( status ) return status;

#if HAVE_PTHREADS < 7
	status = pthread_attr_setdetachstate(&attr, &detach);
	if( status < 0 ) status = errno;
#else
	status = pthread_attr_setdetachstate(&attr, detach);
#endif
	if( status ) return status;
	status = pthread_create( &t, &attr, task, NULL );
#if HAVE_PTHREADS < 7
	if( status < 0 ) status = errno;
#endif
	if( status ) return status;
#else
	/* Draft 4 pthreads */
	status = pthread_create( &t, pthread_attr_default, task, NULL );
	if( status ) return errno;

	/* give thread a chance to complete */
	/* it should remain joinable and hence detachable */
	sleep( 1 );

	status = pthread_detach( &t );
	if( status ) return errno;
#endif

#ifdef HAVE_LINUX_THREADS
	pthread_kill_other_threads_np();
#endif

	return 0;

}

configure:11667: checking for pthread link with -pthread
configure:11829: cc -o conftest -g -O2 -I/usr/local/berkeleydb/include -D_GNU_SOURCE -L/usr/local/berkeleydb/lib conftest.c -pthread -lresolv  1>&5
configure: In function 'task':
configure:11770: warning: cast to pointer from integer of different size
configure:14368: checking for sched_yield
configure:14397: cc -o conftest -g -O2 -I/usr/local/berkeleydb/include -D_GNU_SOURCE -L/usr/local/berkeleydb/lib conftest.c  -pthread -lresolv  1>&5
configure:14368: checking for pthread_yield
configure:14397: cc -o conftest -g -O2 -I/usr/local/berkeleydb/include -D_GNU_SOURCE -L/usr/local/berkeleydb/lib conftest.c  -pthread -lresolv  1>&5
configure:14368: checking for thr_yield
configure:14397: cc -o conftest -g -O2 -I/usr/local/berkeleydb/include -D_GNU_SOURCE -L/usr/local/berkeleydb/lib conftest.c  -pthread -lresolv  1>&5
/tmp/cc6yA6SC.o: In function `main':
/opt/data/openldap-2.2.30/configure:14391: undefined reference to `thr_yield'
collect2: ld returned 1 exit status
configure: failed program was:
#line 14373 "configure"
#include "confdefs.h"
/* System header to define __stub macros and hopefully few prototypes,
    which can conflict with char thr_yield(); below.  */
#include <assert.h>
/* Override any gcc2 internal prototype to avoid an error.  */
/* We use char because int might match the return type of a gcc2
    builtin and then its argument prototype would still apply.  */
char thr_yield();
char (*f)();

int main() {

/* The GNU C library defines this for functions which it implements
    to always fail with ENOSYS.  Some functions are actually named
    something starting with __ and the normal name is an alias.  */
#if defined (__stub_thr_yield) || defined (__stub___thr_yield)
choke me
#else
f = thr_yield;
#endif

; return 0; }
configure:14481: checking for pthread_kill
configure:14510: cc -o conftest -g -O2 -I/usr/local/berkeleydb/include -D_GNU_SOURCE -L/usr/local/berkeleydb/lib conftest.c  -pthread -lresolv  1>&5
configure:14481: checking for pthread_rwlock_destroy
configure:14510: cc -o conftest -g -O2 -I/usr/local/berkeleydb/include -D_GNU_SOURCE -L/usr/local/berkeleydb/lib conftest.c  -pthread -lresolv  1>&5
configure:14536: checking for pthread_detach with <pthread.h>
configure:14554: cc -o conftest -g -O2 -I/usr/local/berkeleydb/include -D_GNU_SOURCE -L/usr/local/berkeleydb/lib conftest.c  -pthread -lresolv  1>&5
configure: In function 'main':
configure:14550: warning: passing argument 1 of 'pthread_detach' makes integer from pointer without a cast
/usr/include/pthread.h:263: note: expected 'pthread_t' but argument is of type 'void *'
configure:14586: checking for pthread_setconcurrency
configure:14615: cc -o conftest -g -O2 -I/usr/local/berkeleydb/include -D_GNU_SOURCE -L/usr/local/berkeleydb/lib conftest.c  -pthread -lresolv  1>&5
configure:14586: checking for pthread_getconcurrency
configure:14615: cc -o conftest -g -O2 -I/usr/local/berkeleydb/include -D_GNU_SOURCE -L/usr/local/berkeleydb/lib conftest.c  -pthread -lresolv  1>&5
configure:14586: checking for thr_setconcurrency
configure:14615: cc -o conftest -g -O2 -I/usr/local/berkeleydb/include -D_GNU_SOURCE -L/usr/local/berkeleydb/lib conftest.c  -pthread -lresolv  1>&5
/tmp/ccVzmVce.o: In function `main':
/opt/data/openldap-2.2.30/configure:14609: undefined reference to `thr_setconcurrency'
collect2: ld returned 1 exit status
configure: failed program was:
#line 14591 "configure"
#include "confdefs.h"
/* System header to define __stub macros and hopefully few prototypes,
    which can conflict with char thr_setconcurrency(); below.  */
#include <assert.h>
/* Override any gcc2 internal prototype to avoid an error.  */
/* We use char because int might match the return type of a gcc2
    builtin and then its argument prototype would still apply.  */
char thr_setconcurrency();
char (*f)();

int main() {

/* The GNU C library defines this for functions which it implements
    to always fail with ENOSYS.  Some functions are actually named
    something starting with __ and the normal name is an alias.  */
#if defined (__stub_thr_setconcurrency) || defined (__stub___thr_setconcurrency)
choke me
#else
f = thr_setconcurrency;
#endif

; return 0; }
configure:14586: checking for thr_getconcurrency
configure:14615: cc -o conftest -g -O2 -I/usr/local/berkeleydb/include -D_GNU_SOURCE -L/usr/local/berkeleydb/lib conftest.c  -pthread -lresolv  1>&5
/tmp/ccdTewCl.o: In function `main':
/opt/data/openldap-2.2.30/configure:14609: undefined reference to `thr_getconcurrency'
collect2: ld returned 1 exit status
configure: failed program was:
#line 14591 "configure"
#include "confdefs.h"
/* System header to define __stub macros and hopefully few prototypes,
    which can conflict with char thr_getconcurrency(); below.  */
#include <assert.h>
/* Override any gcc2 internal prototype to avoid an error.  */
/* We use char because int might match the return type of a gcc2
    builtin and then its argument prototype would still apply.  */
char thr_getconcurrency();
char (*f)();

int main() {

/* The GNU C library defines this for functions which it implements
    to always fail with ENOSYS.  Some functions are actually named
    something starting with __ and the normal name is an alias.  */
#if defined (__stub_thr_getconcurrency) || defined (__stub___thr_getconcurrency)
choke me
#else
f = thr_getconcurrency;
#endif

; return 0; }
configure:14644: checking for pthread_kill_other_threads_np
configure:14673: cc -o conftest -g -O2 -I/usr/local/berkeleydb/include -D_GNU_SOURCE -L/usr/local/berkeleydb/lib conftest.c  -pthread -lresolv  1>&5
/tmp/ccFj25ap.o: In function `main':
/opt/data/openldap-2.2.30/configure:14667: undefined reference to `pthread_kill_other_threads_np'
collect2: ld returned 1 exit status
configure: failed program was:
#line 14649 "configure"
#include "confdefs.h"
/* System header to define __stub macros and hopefully few prototypes,
    which can conflict with char pthread_kill_other_threads_np(); below.  */
#include <assert.h>
/* Override any gcc2 internal prototype to avoid an error.  */
/* We use char because int might match the return type of a gcc2
    builtin and then its argument prototype would still apply.  */
char pthread_kill_other_threads_np();
char (*f)();

int main() {

/* The GNU C library defines this for functions which it implements
    to always fail with ENOSYS.  Some functions are actually named
    something starting with __ and the normal name is an alias.  */
#if defined (__stub_pthread_kill_other_threads_np) || defined (__stub___pthread_kill_other_threads_np)
choke me
#else
f = pthread_kill_other_threads_np;
#endif

; return 0; }
configure:14698: checking for LinuxThreads implementation
configure:14711: checking for LinuxThreads consistency
configure:14736: checking if pthread_create() works
configure:14817: cc -o conftest -g -O2 -I/usr/local/berkeleydb/include -D_GNU_SOURCE -L/usr/local/berkeleydb/lib conftest.c  -pthread -lresolv  1>&5
configure: In function 'task':
configure:14758: warning: cast to pointer from integer of different size
configure:14839: checking if select yields when using pthreads
configure:14925: cc -o conftest -g -O2 -I/usr/local/berkeleydb/include -D_GNU_SOURCE -L/usr/local/berkeleydb/lib conftest.c  -pthread -lresolv  1>&5
configure: In function 'task':
configure:14879: warning: incompatible implicit declaration of built-in function 'exit'
configure:14882: warning: incompatible implicit declaration of built-in function 'exit'
configure: In function 'main':
configure:14894: warning: incompatible implicit declaration of built-in function 'exit'
configure:14921: warning: incompatible implicit declaration of built-in function 'exit'
configure: failed program was:
#line 14848 "configure"
#include "confdefs.h"

#include <sys/types.h>
#include <sys/time.h>
#include <unistd.h>
#include <pthread.h>
#ifndef NULL
#define NULL (void*) 0
#endif

static int fildes[2];

static void *task(p)
	void *p;
{
	int i;
	struct timeval tv;

	fd_set rfds;

	tv.tv_sec=10;
	tv.tv_usec=0;

	FD_ZERO(&rfds);
	FD_SET(fildes[0], &rfds);

	/* we're not interested in any fds */
	i = select(FD_SETSIZE, &rfds, NULL, NULL, &tv);

	if(i < 0) {
		perror("select");
		exit(10);
	}

	exit(0); /* if we exit here, the select blocked the whole process */
}

int main(argc, argv)
	int argc;
	char **argv;
{
	pthread_t t;

	/* create a pipe to select */
	if(pipe(&fildes[0])) {
		perror("select");
		exit(1);
	}

#ifdef HAVE_PTHREAD_SETCONCURRENCY
	(void) pthread_setconcurrency(2);
#else
#ifdef HAVE_THR_SETCONCURRENCY
	/* Set Solaris LWP concurrency to 2 */
	thr_setconcurrency(2);
#endif
#endif

#if HAVE_PTHREADS < 6
	pthread_create(&t, pthread_attr_default, task, NULL);
#else
	pthread_create(&t, NULL, task, NULL);
#endif

	/* make sure task runs first */
#if HAVE_THR_YIELD
	thr_yield();
#elif defined( HAVE_SCHED_YIELD )
	sched_yield();
#elif defined( HAVE_PTHREAD_YIELD )
	pthread_yield();
#endif

	exit(2);
}
configure:15834: checking for thread specific errno
configure:15847: cc -o conftest -g -O2 -I/usr/local/berkeleydb/include -D_GNU_SOURCE -L/usr/local/berkeleydb/lib conftest.c -lresolv  1>&5
configure:15863: checking for thread specific h_errno
configure:15876: cc -o conftest -g -O2 -I/usr/local/berkeleydb/include -D_GNU_SOURCE -L/usr/local/berkeleydb/lib conftest.c -lresolv  1>&5
configure:15929: checking for ctime_r
configure:15958: cc -o conftest -g -O2 -I/usr/local/berkeleydb/include -D_GNU_SOURCE -L/usr/local/berkeleydb/lib conftest.c -lresolv  1>&5
configure:15929: checking for gethostbyname_r
configure:15958: cc -o conftest -g -O2 -I/usr/local/berkeleydb/include -D_GNU_SOURCE -L/usr/local/berkeleydb/lib conftest.c -lresolv  1>&5
configure:15929: checking for gethostbyaddr_r
configure:15958: cc -o conftest -g -O2 -I/usr/local/berkeleydb/include -D_GNU_SOURCE -L/usr/local/berkeleydb/lib conftest.c -lresolv  1>&5
configure:15987: checking number of arguments of ctime_r
configure:15999: cc -c -g -O2 -I/usr/local/berkeleydb/include -D_GNU_SOURCE conftest.c 1>&5
configure: In function 'main':
configure:15995: error: too many arguments to function 'ctime_r'
configure: failed program was:
#line 15992 "configure"
#include "confdefs.h"
#include <time.h>
int main() {
time_t ti; char *buffer; ctime_r(&ti,buffer,32);
; return 0; }
configure:16018: cc -c -g -O2 -I/usr/local/berkeleydb/include -D_GNU_SOURCE conftest.c 1>&5
configure:16058: checking number of arguments of gethostbyname_r
configure:16077: cc -c -g -O2 -I/usr/local/berkeleydb/include -D_GNU_SOURCE conftest.c 1>&5
configure: In function 'main':
configure:16073: warning: passing argument 5 of 'gethostbyname_r' from incompatible pointer type
/usr/include/netdb.h:180: note: expected 'struct hostent ** __restrict__' but argument is of type 'int *'
configure:16073: error: too few arguments to function 'gethostbyname_r'
configure: failed program was:
#line 16063 "configure"
#include "confdefs.h"
#include <sys/types.h>
#include <sys/socket.h>
#include <netinet/in.h>
#include <netdb.h>
#define BUFSIZE (sizeof(struct hostent)+10)
int main() {
struct hostent hent; char buffer[BUFSIZE];
		int bufsize=BUFSIZE;int h_errno;
		(void)gethostbyname_r("segovia.cs.purdue.edu", &hent,
			buffer, bufsize, &h_errno);
; return 0; }
configure:16104: cc -c -g -O2 -I/usr/local/berkeleydb/include -D_GNU_SOURCE conftest.c 1>&5
configure:16145: checking number of arguments of gethostbyaddr_r
configure:16166: cc -c -g -O2 -I/usr/local/berkeleydb/include -D_GNU_SOURCE conftest.c 1>&5
configure: In function 'main':
configure:16162: warning: passing argument 7 of 'gethostbyaddr_r' from incompatible pointer type
/usr/include/netdb.h:173: note: expected 'struct hostent ** __restrict__' but argument is of type 'int *'
configure:16162: error: too few arguments to function 'gethostbyaddr_r'
configure: failed program was:
#line 16150 "configure"
#include "confdefs.h"
#include <sys/types.h>
#include <sys/socket.h>
#include <netinet/in.h>
#include <netdb.h>
#define BUFSIZE (sizeof(struct hostent)+10)
int main() {
struct hostent hent; char buffer[BUFSIZE]; 
	    struct in_addr add;
	    size_t alen=sizeof(struct in_addr);
	    int bufsize=BUFSIZE;int h_errno;
		(void)gethostbyaddr_r( (void *)&(add.s_addr),
			alen, AF_INET, &hent, buffer, bufsize, &h_errno);
; return 0; }
configure:16196: cc -c -g -O2 -I/usr/local/berkeleydb/include -D_GNU_SOURCE conftest.c 1>&5
configure:18120: checking for db.h
configure:18130: cc -E -I/usr/local/berkeleydb/include -D_GNU_SOURCE conftest.c >/dev/null 2>conftest.out
configure:18160: checking for Berkeley DB link (default)
configure:18217: cc -o conftest -g -O2 -I/usr/local/berkeleydb/include -D_GNU_SOURCE -L/usr/local/berkeleydb/lib conftest.c   -pthread -lresolv  1>&5
/tmp/ccyonaJL.o: In function `main':
/opt/data/openldap-2.2.30/configure:18193: undefined reference to `db_version'
/opt/data/openldap-2.2.30/configure:18207: undefined reference to `db_env_create'
collect2: ld returned 1 exit status
configure: failed program was:
#line 18170 "configure"
#include "confdefs.h"

#ifdef HAVE_DB_185_H
# include <db_185.h>
#else
# include <db.h>
#endif

#ifndef DB_VERSION_MAJOR
# define DB_VERSION_MAJOR 1
#endif

#ifndef NULL
#define NULL ((void*)0)
#endif

int main() {

#if DB_VERSION_MAJOR > 1
	{
		char *version;
		int major, minor, patch;

		version = db_version( &major, &minor, &patch );

		if( major != DB_VERSION_MAJOR ||
			minor < DB_VERSION_MINOR )
		{
			printf("Berkeley DB version mismatch\n"
				"\theader: %s\n\tlibrary: %s\n",
				DB_VERSION_STRING, version);
			return 1;
		}
	}
#endif

#if DB_VERSION_MAJOR > 2
	db_env_create( NULL, 0 );
#elif DB_VERSION_MAJOR > 1
	db_appexit( NULL );
#else
	(void) dbopen( NULL, 0, 0, 0, NULL);
#endif

; return 0; }
configure:18241: checking for Berkeley DB link (-ldb43)
configure:18298: cc -o conftest -g -O2 -I/usr/local/berkeleydb/include -D_GNU_SOURCE -L/usr/local/berkeleydb/lib conftest.c -ldb43  -pthread -lresolv  1>&5
/usr/bin/ld: cannot find -ldb43
collect2: ld returned 1 exit status
configure: failed program was:
#line 18251 "configure"
#include "confdefs.h"

#ifdef HAVE_DB_185_H
# include <db_185.h>
#else
# include <db.h>
#endif

#ifndef DB_VERSION_MAJOR
# define DB_VERSION_MAJOR 1
#endif

#ifndef NULL
#define NULL ((void*)0)
#endif

int main() {

#if DB_VERSION_MAJOR > 1
	{
		char *version;
		int major, minor, patch;

		version = db_version( &major, &minor, &patch );

		if( major != DB_VERSION_MAJOR ||
			minor < DB_VERSION_MINOR )
		{
			printf("Berkeley DB version mismatch\n"
				"\theader: %s\n\tlibrary: %s\n",
				DB_VERSION_STRING, version);
			return 1;
		}
	}
#endif

#if DB_VERSION_MAJOR > 2
	db_env_create( NULL, 0 );
#elif DB_VERSION_MAJOR > 1
	db_appexit( NULL );
#else
	(void) dbopen( NULL, 0, 0, 0, NULL);
#endif

; return 0; }
configure:18322: checking for Berkeley DB link (-ldb-43)
configure:18379: cc -o conftest -g -O2 -I/usr/local/berkeleydb/include -D_GNU_SOURCE -L/usr/local/berkeleydb/lib conftest.c -ldb-43  -pthread -lresolv  1>&5
/usr/bin/ld: cannot find -ldb-43
collect2: ld returned 1 exit status
configure: failed program was:
#line 18332 "configure"
#include "confdefs.h"

#ifdef HAVE_DB_185_H
# include <db_185.h>
#else
# include <db.h>
#endif

#ifndef DB_VERSION_MAJOR
# define DB_VERSION_MAJOR 1
#endif

#ifndef NULL
#define NULL ((void*)0)
#endif

int main() {

#if DB_VERSION_MAJOR > 1
	{
		char *version;
		int major, minor, patch;

		version = db_version( &major, &minor, &patch );

		if( major != DB_VERSION_MAJOR ||
			minor < DB_VERSION_MINOR )
		{
			printf("Berkeley DB version mismatch\n"
				"\theader: %s\n\tlibrary: %s\n",
				DB_VERSION_STRING, version);
			return 1;
		}
	}
#endif

#if DB_VERSION_MAJOR > 2
	db_env_create( NULL, 0 );
#elif DB_VERSION_MAJOR > 1
	db_appexit( NULL );
#else
	(void) dbopen( NULL, 0, 0, 0, NULL);
#endif

; return 0; }
configure:18403: checking for Berkeley DB link (-ldb-4.3)
configure:18460: cc -o conftest -g -O2 -I/usr/local/berkeleydb/include -D_GNU_SOURCE -L/usr/local/berkeleydb/lib conftest.c -ldb-4.3  -pthread -lresolv  1>&5
/usr/bin/ld: cannot find -ldb-4.3
collect2: ld returned 1 exit status
configure: failed program was:
#line 18413 "configure"
#include "confdefs.h"

#ifdef HAVE_DB_185_H
# include <db_185.h>
#else
# include <db.h>
#endif

#ifndef DB_VERSION_MAJOR
# define DB_VERSION_MAJOR 1
#endif

#ifndef NULL
#define NULL ((void*)0)
#endif

int main() {

#if DB_VERSION_MAJOR > 1
	{
		char *version;
		int major, minor, patch;

		version = db_version( &major, &minor, &patch );

		if( major != DB_VERSION_MAJOR ||
			minor < DB_VERSION_MINOR )
		{
			printf("Berkeley DB version mismatch\n"
				"\theader: %s\n\tlibrary: %s\n",
				DB_VERSION_STRING, version);
			return 1;
		}
	}
#endif

#if DB_VERSION_MAJOR > 2
	db_env_create( NULL, 0 );
#elif DB_VERSION_MAJOR > 1
	db_appexit( NULL );
#else
	(void) dbopen( NULL, 0, 0, 0, NULL);
#endif

; return 0; }
configure:18484: checking for Berkeley DB link (-ldb-4-3)
configure:18541: cc -o conftest -g -O2 -I/usr/local/berkeleydb/include -D_GNU_SOURCE -L/usr/local/berkeleydb/lib conftest.c -ldb-4-3  -pthread -lresolv  1>&5
/usr/bin/ld: cannot find -ldb-4-3
collect2: ld returned 1 exit status
configure: failed program was:
#line 18494 "configure"
#include "confdefs.h"

#ifdef HAVE_DB_185_H
# include <db_185.h>
#else
# include <db.h>
#endif

#ifndef DB_VERSION_MAJOR
# define DB_VERSION_MAJOR 1
#endif

#ifndef NULL
#define NULL ((void*)0)
#endif

int main() {

#if DB_VERSION_MAJOR > 1
	{
		char *version;
		int major, minor, patch;

		version = db_version( &major, &minor, &patch );

		if( major != DB_VERSION_MAJOR ||
			minor < DB_VERSION_MINOR )
		{
			printf("Berkeley DB version mismatch\n"
				"\theader: %s\n\tlibrary: %s\n",
				DB_VERSION_STRING, version);
			return 1;
		}
	}
#endif

#if DB_VERSION_MAJOR > 2
	db_env_create( NULL, 0 );
#elif DB_VERSION_MAJOR > 1
	db_appexit( NULL );
#else
	(void) dbopen( NULL, 0, 0, 0, NULL);
#endif

; return 0; }
configure:18565: checking for Berkeley DB link (-ldb42)
configure:18622: cc -o conftest -g -O2 -I/usr/local/berkeleydb/include -D_GNU_SOURCE -L/usr/local/berkeleydb/lib conftest.c -ldb42  -pthread -lresolv  1>&5
/usr/bin/ld: cannot find -ldb42
collect2: ld returned 1 exit status
configure: failed program was:
#line 18575 "configure"
#include "confdefs.h"

#ifdef HAVE_DB_185_H
# include <db_185.h>
#else
# include <db.h>
#endif

#ifndef DB_VERSION_MAJOR
# define DB_VERSION_MAJOR 1
#endif

#ifndef NULL
#define NULL ((void*)0)
#endif

int main() {

#if DB_VERSION_MAJOR > 1
	{
		char *version;
		int major, minor, patch;

		version = db_version( &major, &minor, &patch );

		if( major != DB_VERSION_MAJOR ||
			minor < DB_VERSION_MINOR )
		{
			printf("Berkeley DB version mismatch\n"
				"\theader: %s\n\tlibrary: %s\n",
				DB_VERSION_STRING, version);
			return 1;
		}
	}
#endif

#if DB_VERSION_MAJOR > 2
	db_env_create( NULL, 0 );
#elif DB_VERSION_MAJOR > 1
	db_appexit( NULL );
#else
	(void) dbopen( NULL, 0, 0, 0, NULL);
#endif

; return 0; }
configure:18646: checking for Berkeley DB link (-ldb-42)
configure:18703: cc -o conftest -g -O2 -I/usr/local/berkeleydb/include -D_GNU_SOURCE -L/usr/local/berkeleydb/lib conftest.c -ldb-42  -pthread -lresolv  1>&5
/usr/bin/ld: cannot find -ldb-42
collect2: ld returned 1 exit status
configure: failed program was:
#line 18656 "configure"
#include "confdefs.h"

#ifdef HAVE_DB_185_H
# include <db_185.h>
#else
# include <db.h>
#endif

#ifndef DB_VERSION_MAJOR
# define DB_VERSION_MAJOR 1
#endif

#ifndef NULL
#define NULL ((void*)0)
#endif

int main() {

#if DB_VERSION_MAJOR > 1
	{
		char *version;
		int major, minor, patch;

		version = db_version( &major, &minor, &patch );

		if( major != DB_VERSION_MAJOR ||
			minor < DB_VERSION_MINOR )
		{
			printf("Berkeley DB version mismatch\n"
				"\theader: %s\n\tlibrary: %s\n",
				DB_VERSION_STRING, version);
			return 1;
		}
	}
#endif

#if DB_VERSION_MAJOR > 2
	db_env_create( NULL, 0 );
#elif DB_VERSION_MAJOR > 1
	db_appexit( NULL );
#else
	(void) dbopen( NULL, 0, 0, 0, NULL);
#endif

; return 0; }
configure:18727: checking for Berkeley DB link (-ldb-4.2)
configure:18784: cc -o conftest -g -O2 -I/usr/local/berkeleydb/include -D_GNU_SOURCE -L/usr/local/berkeleydb/lib conftest.c -ldb-4.2  -pthread -lresolv  1>&5
configure:19944: checking for Berkeley DB version match
configure:19995: cc -o conftest -g -O2 -I/usr/local/berkeleydb/include -D_GNU_SOURCE -L/usr/local/berkeleydb/lib conftest.c -ldb-4.2  -pthread -lresolv  1>&5
configure:20019: checking for Berkeley DB thread support
configure:20101: cc -o conftest -g -O2 -I/usr/local/berkeleydb/include -D_GNU_SOURCE -L/usr/local/berkeleydb/lib conftest.c -ldb-4.2  -pthread -lresolv  1>&5
configure:20164: checking Berkeley DB version for BDB backend
configure:20944: checking for openlog
configure:20973: cc -o conftest -g -O2 -I/usr/local/berkeleydb/include -D_GNU_SOURCE -L/usr/local/berkeleydb/lib conftest.c -lresolv  1>&5
configure:21149: checking for sasl/sasl.h
configure:21159: cc -E -I/usr/local/berkeleydb/include -D_GNU_SOURCE conftest.c >/dev/null 2>conftest.out
configure:21155:23: error: sasl/sasl.h: No such file or directory
configure: failed program was:
#line 21154 "configure"
#include "confdefs.h"
#include <sasl/sasl.h>
configure:21149: checking for sasl.h
configure:21159: cc -E -I/usr/local/berkeleydb/include -D_GNU_SOURCE conftest.c >/dev/null 2>conftest.out
configure:21155:18: error: sasl.h: No such file or directory
configure: failed program was:
#line 21154 "configure"
#include "confdefs.h"
#include <sasl.h>
configure:21424: checking fetch(3) library
configure:21440: cc -o conftest -g -O2 -I/usr/local/berkeleydb/include -D_GNU_SOURCE -L/usr/local/berkeleydb/lib conftest.c -lfetch -lcom_err -lresolv  1>&5
configure:21434:19: error: fetch.h: No such file or directory
configure: In function 'main':
configure:21436: warning: initialization makes pointer from integer without a cast
configure: failed program was:
#line 21430 "configure"
#include "confdefs.h"

#include <sys/param.h>
#include <stdio.h>
#include <fetch.h>
int main() {
struct url *u = fetchParseURL("file:///"); 
; return 0; }
configure:21590: checking for setproctitle
configure:21619: cc -o conftest -g -O2 -I/usr/local/berkeleydb/include -D_GNU_SOURCE -L/usr/local/berkeleydb/lib conftest.c -lresolv  1>&5
/tmp/cciGVFjc.o: In function `main':
/opt/data/openldap-2.2.30/configure:21613: undefined reference to `setproctitle'
collect2: ld returned 1 exit status
configure: failed program was:
#line 21595 "configure"
#include "confdefs.h"
/* System header to define __stub macros and hopefully few prototypes,
    which can conflict with char setproctitle(); below.  */
#include <assert.h>
/* Override any gcc2 internal prototype to avoid an error.  */
/* We use char because int might match the return type of a gcc2
    builtin and then its argument prototype would still apply.  */
char setproctitle();
char (*f)();

int main() {

/* The GNU C library defines this for functions which it implements
    to always fail with ENOSYS.  Some functions are actually named
    something starting with __ and the normal name is an alias.  */
#if defined (__stub_setproctitle) || defined (__stub___setproctitle)
choke me
#else
f = setproctitle;
#endif

; return 0; }
configure:21638: checking for setproctitle in -lutil
configure:21657: cc -o conftest -g -O2 -I/usr/local/berkeleydb/include -D_GNU_SOURCE -L/usr/local/berkeleydb/lib conftest.c -lutil  -lresolv  1>&5
/tmp/ccw2nz1j.o: In function `main':
/opt/data/openldap-2.2.30/configure:21653: undefined reference to `setproctitle'
collect2: ld returned 1 exit status
configure: failed program was:
#line 21646 "configure"
#include "confdefs.h"
/* Override any gcc2 internal prototype to avoid an error.  */
/* We use char because int might match the return type of a gcc2
    builtin and then its argument prototype would still apply.  */
char setproctitle();

int main() {
setproctitle()
; return 0; }
configure:21791: checking long long
configure:21804: cc -c -g -O2 -I/usr/local/berkeleydb/include -D_GNU_SOURCE conftest.c 1>&5
configure:21825: checking for ANSI C header files
configure:21936: checking for mode_t
configure:21972: checking for off_t
configure:22008: checking for pid_t
configure:22044: checking for ptrdiff_t
configure:22056: cc -c -g -O2 -I/usr/local/berkeleydb/include -D_GNU_SOURCE conftest.c 1>&5
configure:22077: checking return type of signal handlers
configure:22099: cc -c -g -O2 -I/usr/local/berkeleydb/include -D_GNU_SOURCE conftest.c 1>&5
configure:22118: checking for size_t
configure:22155: checking for ssize_t
configure:22191: checking for caddr_t
configure:22228: checking for socklen_t
configure:22247: cc -c -g -O2 -I/usr/local/berkeleydb/include -D_GNU_SOURCE conftest.c 1>&5
configure:22268: checking for member st_blksize in aggregate type struct stat
configure:22281: cc -c -g -O2 -I/usr/local/berkeleydb/include -D_GNU_SOURCE conftest.c 1>&5
configure:22303: checking whether time.h and sys/time.h may both be included
configure:22317: cc -c -g -O2 -I/usr/local/berkeleydb/include -D_GNU_SOURCE conftest.c 1>&5
configure:22338: checking whether struct tm is in sys/time.h or time.h
configure:22351: cc -c -g -O2 -I/usr/local/berkeleydb/include -D_GNU_SOURCE conftest.c 1>&5
configure:22372: checking for uid_t in sys/types.h
configure:22406: checking for sig_atomic_t
configure:22418: cc -c -g -O2 -I/usr/local/berkeleydb/include -D_GNU_SOURCE conftest.c 1>&5
configure:22442: checking struct passwd for pw_gecos
configure:22458: cc -c -g -O2 -I/usr/local/berkeleydb/include -D_GNU_SOURCE conftest.c 1>&5
configure:22480: checking struct passwd for pw_passwd
configure:22496: cc -c -g -O2 -I/usr/local/berkeleydb/include -D_GNU_SOURCE conftest.c 1>&5
configure:22518: checking if toupper() requires islower()
configure:22539: cc -o conftest -g -O2 -I/usr/local/berkeleydb/include -D_GNU_SOURCE -L/usr/local/berkeleydb/lib conftest.c -lresolv  1>&5
configure: In function 'main':
configure:22533: warning: incompatible implicit declaration of built-in function 'exit'
configure:22562: checking for working const
configure:22616: cc -c -g -O2 -I/usr/local/berkeleydb/include -D_GNU_SOURCE conftest.c 1>&5
configure:22637: checking if compiler understands volatile
configure:22651: cc -c -g -O2 -I/usr/local/berkeleydb/include -D_GNU_SOURCE conftest.c 1>&5
configure:22682: checking whether byte ordering is bigendian
configure:22700: cc -c -g -O2 -I/usr/local/berkeleydb/include -D_GNU_SOURCE conftest.c 1>&5
configure:22715: cc -c -g -O2 -I/usr/local/berkeleydb/include -D_GNU_SOURCE conftest.c 1>&5
configure: In function 'main':
configure:22710: error: 'not' undeclared (first use in this function)
configure:22710: error: (Each undeclared identifier is reported only once
configure:22710: error: for each function it appears in.)
configure:22710: error: expected ';' before 'big'
configure: failed program was:
#line 22704 "configure"
#include "confdefs.h"
#include <sys/types.h>
#include <sys/param.h>
int main() {

#if BYTE_ORDER != BIG_ENDIAN
 not big endian
#endif
; return 0; }
configure:22774: checking size of short
configure:22791: cc -c -g -O2 -I/usr/local/berkeleydb/include -D_GNU_SOURCE conftest.c 1>&5
configure: In function 'main':
configure:22787: error: duplicate case value
configure:22787: error: previously used here
configure: failed program was:
#line 22780 "configure"
#include "confdefs.h"
#include "confdefs.h" 
#include <stdlib.h>
#include <sys/types.h> 
 

int main() {
switch (0) case 0: case (sizeof (short) == 4):;
; return 0; }
configure:22791: cc -c -g -O2 -I/usr/local/berkeleydb/include -D_GNU_SOURCE conftest.c 1>&5
configure: In function 'main':
configure:22787: error: duplicate case value
configure:22787: error: previously used here
configure: failed program was:
#line 22780 "configure"
#include "confdefs.h"
#include "confdefs.h" 
#include <stdlib.h>
#include <sys/types.h> 
 

int main() {
switch (0) case 0: case (sizeof (short) == 8):;
; return 0; }
configure:22791: cc -c -g -O2 -I/usr/local/berkeleydb/include -D_GNU_SOURCE conftest.c 1>&5
configure: In function 'main':
configure:22787: error: duplicate case value
configure:22787: error: previously used here
configure: failed program was:
#line 22780 "configure"
#include "confdefs.h"
#include "confdefs.h" 
#include <stdlib.h>
#include <sys/types.h> 
 

int main() {
switch (0) case 0: case (sizeof (short) == 1):;
; return 0; }
configure:22791: cc -c -g -O2 -I/usr/local/berkeleydb/include -D_GNU_SOURCE conftest.c 1>&5
configure:22814: checking size of int
configure:22831: cc -c -g -O2 -I/usr/local/berkeleydb/include -D_GNU_SOURCE conftest.c 1>&5
configure:22854: checking size of long
configure:22871: cc -c -g -O2 -I/usr/local/berkeleydb/include -D_GNU_SOURCE conftest.c 1>&5
configure: In function 'main':
configure:22867: error: duplicate case value
configure:22867: error: previously used here
configure: failed program was:
#line 22860 "configure"
#include "confdefs.h"
#include "confdefs.h" 
#include <stdlib.h>
#include <sys/types.h> 
 

int main() {
switch (0) case 0: case (sizeof (long) == 4):;
; return 0; }
configure:22871: cc -c -g -O2 -I/usr/local/berkeleydb/include -D_GNU_SOURCE conftest.c 1>&5
configure:22894: checking size of wchar_t
configure:22911: cc -c -g -O2 -I/usr/local/berkeleydb/include -D_GNU_SOURCE conftest.c 1>&5
configure:22962: checking for 8-bit clean memcmp
configure:22980: cc -o conftest -g -O2 -I/usr/local/berkeleydb/include -D_GNU_SOURCE -L/usr/local/berkeleydb/lib conftest.c -lresolv  1>&5
configure: In function 'main':
configure:22975: warning: incompatible implicit declaration of built-in function 'exit'
configure:23006: checking for strftime
configure:23035: cc -o conftest -g -O2 -I/usr/local/berkeleydb/include -D_GNU_SOURCE -L/usr/local/berkeleydb/lib conftest.c -lresolv  1>&5
configure:23018: warning: conflicting types for built-in function 'strftime'
configure:23104: checking for inet_aton()
configure:23131: cc -o conftest -g -O2 -I/usr/local/berkeleydb/include -D_GNU_SOURCE -L/usr/local/berkeleydb/lib conftest.c -lresolv  1>&5
configure:23153: checking for _spawnlp
configure:23182: cc -o conftest -g -O2 -I/usr/local/berkeleydb/include -D_GNU_SOURCE -L/usr/local/berkeleydb/lib conftest.c -lresolv  1>&5
/tmp/ccEC9dUg.o: In function `main':
/opt/data/openldap-2.2.30/configure:23176: undefined reference to `_spawnlp'
collect2: ld returned 1 exit status
configure: failed program was:
#line 23158 "configure"
#include "confdefs.h"
/* System header to define __stub macros and hopefully few prototypes,
    which can conflict with char _spawnlp(); below.  */
#include <assert.h>
/* Override any gcc2 internal prototype to avoid an error.  */
/* We use char because int might match the return type of a gcc2
    builtin and then its argument prototype would still apply.  */
char _spawnlp();
char (*f)();

int main() {

/* The GNU C library defines this for functions which it implements
    to always fail with ENOSYS.  Some functions are actually named
    something starting with __ and the normal name is an alias.  */
#if defined (__stub__spawnlp) || defined (__stub____spawnlp)
choke me
#else
f = _spawnlp;
#endif

; return 0; }
configure:23206: checking for _snprintf
configure:23235: cc -o conftest -g -O2 -I/usr/local/berkeleydb/include -D_GNU_SOURCE -L/usr/local/berkeleydb/lib conftest.c -lresolv  1>&5
/tmp/ccUckdbp.o: In function `main':
/opt/data/openldap-2.2.30/configure:23229: undefined reference to `_snprintf'
collect2: ld returned 1 exit status
configure: failed program was:
#line 23211 "configure"
#include "confdefs.h"
/* System header to define __stub macros and hopefully few prototypes,
    which can conflict with char _snprintf(); below.  */
#include <assert.h>
/* Override any gcc2 internal prototype to avoid an error.  */
/* We use char because int might match the return type of a gcc2
    builtin and then its argument prototype would still apply.  */
char _snprintf();
char (*f)();

int main() {

/* The GNU C library defines this for functions which it implements
    to always fail with ENOSYS.  Some functions are actually named
    something starting with __ and the normal name is an alias.  */
#if defined (__stub__snprintf) || defined (__stub____snprintf)
choke me
#else
f = _snprintf;
#endif

; return 0; }
configure:23261: checking for _vsnprintf
configure:23290: cc -o conftest -g -O2 -I/usr/local/berkeleydb/include -D_GNU_SOURCE -L/usr/local/berkeleydb/lib conftest.c -lresolv  1>&5
/tmp/cc0X5hyw.o: In function `main':
/opt/data/openldap-2.2.30/configure:23284: undefined reference to `_vsnprintf'
collect2: ld returned 1 exit status
configure: failed program was:
#line 23266 "configure"
#include "confdefs.h"
/* System header to define __stub macros and hopefully few prototypes,
    which can conflict with char _vsnprintf(); below.  */
#include <assert.h>
/* Override any gcc2 internal prototype to avoid an error.  */
/* We use char because int might match the return type of a gcc2
    builtin and then its argument prototype would still apply.  */
char _vsnprintf();
char (*f)();

int main() {

/* The GNU C library defines this for functions which it implements
    to always fail with ENOSYS.  Some functions are actually named
    something starting with __ and the normal name is an alias.  */
#if defined (__stub__vsnprintf) || defined (__stub____vsnprintf)
choke me
#else
f = _vsnprintf;
#endif

; return 0; }
configure:23316: checking for vprintf
configure:23345: cc -o conftest -g -O2 -I/usr/local/berkeleydb/include -D_GNU_SOURCE -L/usr/local/berkeleydb/lib conftest.c -lresolv  1>&5
configure:23328: warning: conflicting types for built-in function 'vprintf'
configure:23427: checking for snprintf
configure:23456: cc -o conftest -g -O2 -I/usr/local/berkeleydb/include -D_GNU_SOURCE -L/usr/local/berkeleydb/lib conftest.c -lresolv  1>&5
configure:23439: warning: conflicting types for built-in function 'snprintf'
configure:23427: checking for vsnprintf
configure:23456: cc -o conftest -g -O2 -I/usr/local/berkeleydb/include -D_GNU_SOURCE -L/usr/local/berkeleydb/lib conftest.c -lresolv  1>&5
configure:23439: warning: conflicting types for built-in function 'vsnprintf'
configure:23540: checking for bcopy
configure:23569: cc -o conftest -g -O2 -I/usr/local/berkeleydb/include -D_GNU_SOURCE -L/usr/local/berkeleydb/lib conftest.c -lresolv  1>&5
configure:23552: warning: conflicting types for built-in function 'bcopy'
configure:23540: checking for closesocket
configure:23569: cc -o conftest -g -O2 -I/usr/local/berkeleydb/include -D_GNU_SOURCE -L/usr/local/berkeleydb/lib conftest.c -lresolv  1>&5
/tmp/cc6rV5v2.o: In function `main':
/opt/data/openldap-2.2.30/configure:23563: undefined reference to `closesocket'
collect2: ld returned 1 exit status
configure: failed program was:
#line 23545 "configure"
#include "confdefs.h"
/* System header to define __stub macros and hopefully few prototypes,
    which can conflict with char closesocket(); below.  */
#include <assert.h>
/* Override any gcc2 internal prototype to avoid an error.  */
/* We use char because int might match the return type of a gcc2
    builtin and then its argument prototype would still apply.  */
char closesocket();
char (*f)();

int main() {

/* The GNU C library defines this for functions which it implements
    to always fail with ENOSYS.  Some functions are actually named
    something starting with __ and the normal name is an alias.  */
#if defined (__stub_closesocket) || defined (__stub___closesocket)
choke me
#else
f = closesocket;
#endif

; return 0; }
configure:23540: checking for chroot
configure:23569: cc -o conftest -g -O2 -I/usr/local/berkeleydb/include -D_GNU_SOURCE -L/usr/local/berkeleydb/lib conftest.c -lresolv  1>&5
configure:23540: checking for endgrent
configure:23569: cc -o conftest -g -O2 -I/usr/local/berkeleydb/include -D_GNU_SOURCE -L/usr/local/berkeleydb/lib conftest.c -lresolv  1>&5
configure:23540: checking for endpwent
configure:23569: cc -o conftest -g -O2 -I/usr/local/berkeleydb/include -D_GNU_SOURCE -L/usr/local/berkeleydb/lib conftest.c -lresolv  1>&5
configure:23540: checking for fcntl
configure:23569: cc -o conftest -g -O2 -I/usr/local/berkeleydb/include -D_GNU_SOURCE -L/usr/local/berkeleydb/lib conftest.c -lresolv  1>&5
configure:23540: checking for flock
configure:23569: cc -o conftest -g -O2 -I/usr/local/berkeleydb/include -D_GNU_SOURCE -L/usr/local/berkeleydb/lib conftest.c -lresolv  1>&5
configure:23540: checking for fstat
configure:23569: cc -o conftest -g -O2 -I/usr/local/berkeleydb/include -D_GNU_SOURCE -L/usr/local/berkeleydb/lib conftest.c -lresolv  1>&5
configure:23540: checking for getdtablesize
configure:23569: cc -o conftest -g -O2 -I/usr/local/berkeleydb/include -D_GNU_SOURCE -L/usr/local/berkeleydb/lib conftest.c -lresolv  1>&5
configure:23540: checking for getgrgid
configure:23569: cc -o conftest -g -O2 -I/usr/local/berkeleydb/include -D_GNU_SOURCE -L/usr/local/berkeleydb/lib conftest.c -lresolv  1>&5
configure:23540: checking for gethostname
configure:23569: cc -o conftest -g -O2 -I/usr/local/berkeleydb/include -D_GNU_SOURCE -L/usr/local/berkeleydb/lib conftest.c -lresolv  1>&5
configure:23540: checking for getpass
configure:23569: cc -o conftest -g -O2 -I/usr/local/berkeleydb/include -D_GNU_SOURCE -L/usr/local/berkeleydb/lib conftest.c -lresolv  1>&5
configure:23540: checking for getpassphrase
configure:23569: cc -o conftest -g -O2 -I/usr/local/berkeleydb/include -D_GNU_SOURCE -L/usr/local/berkeleydb/lib conftest.c -lresolv  1>&5
/tmp/ccHQN8cf.o: In function `main':
/opt/data/openldap-2.2.30/configure:23563: undefined reference to `getpassphrase'
collect2: ld returned 1 exit status
configure: failed program was:
#line 23545 "configure"
#include "confdefs.h"
/* System header to define __stub macros and hopefully few prototypes,
    which can conflict with char getpassphrase(); below.  */
#include <assert.h>
/* Override any gcc2 internal prototype to avoid an error.  */
/* We use char because int might match the return type of a gcc2
    builtin and then its argument prototype would still apply.  */
char getpassphrase();
char (*f)();

int main() {

/* The GNU C library defines this for functions which it implements
    to always fail with ENOSYS.  Some functions are actually named
    something starting with __ and the normal name is an alias.  */
#if defined (__stub_getpassphrase) || defined (__stub___getpassphrase)
choke me
#else
f = getpassphrase;
#endif

; return 0; }
configure:23540: checking for getpwuid
configure:23569: cc -o conftest -g -O2 -I/usr/local/berkeleydb/include -D_GNU_SOURCE -L/usr/local/berkeleydb/lib conftest.c -lresolv  1>&5
configure:23540: checking for getpwnam
configure:23569: cc -o conftest -g -O2 -I/usr/local/berkeleydb/include -D_GNU_SOURCE -L/usr/local/berkeleydb/lib conftest.c -lresolv  1>&5
configure:23540: checking for getspnam
configure:23569: cc -o conftest -g -O2 -I/usr/local/berkeleydb/include -D_GNU_SOURCE -L/usr/local/berkeleydb/lib conftest.c -lresolv  1>&5
configure:23540: checking for gettimeofday
configure:23569: cc -o conftest -g -O2 -I/usr/local/berkeleydb/include -D_GNU_SOURCE -L/usr/local/berkeleydb/lib conftest.c -lresolv  1>&5
configure:23540: checking for initgroups
configure:23569: cc -o conftest -g -O2 -I/usr/local/berkeleydb/include -D_GNU_SOURCE -L/usr/local/berkeleydb/lib conftest.c -lresolv  1>&5
configure:23540: checking for lockf
configure:23569: cc -o conftest -g -O2 -I/usr/local/berkeleydb/include -D_GNU_SOURCE -L/usr/local/berkeleydb/lib conftest.c -lresolv  1>&5
configure:23540: checking for memcpy
configure:23569: cc -o conftest -g -O2 -I/usr/local/berkeleydb/include -D_GNU_SOURCE -L/usr/local/berkeleydb/lib conftest.c -lresolv  1>&5
configure:23552: warning: conflicting types for built-in function 'memcpy'
configure:23540: checking for memmove
configure:23569: cc -o conftest -g -O2 -I/usr/local/berkeleydb/include -D_GNU_SOURCE -L/usr/local/berkeleydb/lib conftest.c -lresolv  1>&5
configure:23552: warning: conflicting types for built-in function 'memmove'
configure:23540: checking for mkstemp
configure:23569: cc -o conftest -g -O2 -I/usr/local/berkeleydb/include -D_GNU_SOURCE -L/usr/local/berkeleydb/lib conftest.c -lresolv  1>&5
configure:23540: checking for mktemp
configure:23569: cc -o conftest -g -O2 -I/usr/local/berkeleydb/include -D_GNU_SOURCE -L/usr/local/berkeleydb/lib conftest.c -lresolv  1>&5
/tmp/ccSc9J1f.o: In function `main':
/opt/data/openldap-2.2.30/configure:23563: warning: the use of `mktemp' is dangerous, better use `mkstemp'
configure:23540: checking for pipe
configure:23569: cc -o conftest -g -O2 -I/usr/local/berkeleydb/include -D_GNU_SOURCE -L/usr/local/berkeleydb/lib conftest.c -lresolv  1>&5
configure:23540: checking for read
configure:23569: cc -o conftest -g -O2 -I/usr/local/berkeleydb/include -D_GNU_SOURCE -L/usr/local/berkeleydb/lib conftest.c -lresolv  1>&5
configure:23540: checking for recv
configure:23569: cc -o conftest -g -O2 -I/usr/local/berkeleydb/include -D_GNU_SOURCE -L/usr/local/berkeleydb/lib conftest.c -lresolv  1>&5
configure:23540: checking for recvfrom
configure:23569: cc -o conftest -g -O2 -I/usr/local/berkeleydb/include -D_GNU_SOURCE -L/usr/local/berkeleydb/lib conftest.c -lresolv  1>&5
configure:23540: checking for setpwfile
configure:23569: cc -o conftest -g -O2 -I/usr/local/berkeleydb/include -D_GNU_SOURCE -L/usr/local/berkeleydb/lib conftest.c -lresolv  1>&5
/tmp/cc7OgtRD.o: In function `main':
/opt/data/openldap-2.2.30/configure:23563: undefined reference to `setpwfile'
collect2: ld returned 1 exit status
configure: failed program was:
#line 23545 "configure"
#include "confdefs.h"
/* System header to define __stub macros and hopefully few prototypes,
    which can conflict with char setpwfile(); below.  */
#include <assert.h>
/* Override any gcc2 internal prototype to avoid an error.  */
/* We use char because int might match the return type of a gcc2
    builtin and then its argument prototype would still apply.  */
char setpwfile();
char (*f)();

int main() {

/* The GNU C library defines this for functions which it implements
    to always fail with ENOSYS.  Some functions are actually named
    something starting with __ and the normal name is an alias.  */
#if defined (__stub_setpwfile) || defined (__stub___setpwfile)
choke me
#else
f = setpwfile;
#endif

; return 0; }
configure:23540: checking for setgid
configure:23569: cc -o conftest -g -O2 -I/usr/local/berkeleydb/include -D_GNU_SOURCE -L/usr/local/berkeleydb/lib conftest.c -lresolv  1>&5
configure:23540: checking for setegid
configure:23569: cc -o conftest -g -O2 -I/usr/local/berkeleydb/include -D_GNU_SOURCE -L/usr/local/berkeleydb/lib conftest.c -lresolv  1>&5
configure:23540: checking for setsid
configure:23569: cc -o conftest -g -O2 -I/usr/local/berkeleydb/include -D_GNU_SOURCE -L/usr/local/berkeleydb/lib conftest.c -lresolv  1>&5
configure:23540: checking for setuid
configure:23569: cc -o conftest -g -O2 -I/usr/local/berkeleydb/include -D_GNU_SOURCE -L/usr/local/berkeleydb/lib conftest.c -lresolv  1>&5
configure:23540: checking for seteuid
configure:23569: cc -o conftest -g -O2 -I/usr/local/berkeleydb/include -D_GNU_SOURCE -L/usr/local/berkeleydb/lib conftest.c -lresolv  1>&5
configure:23540: checking for signal
configure:23569: cc -o conftest -g -O2 -I/usr/local/berkeleydb/include -D_GNU_SOURCE -L/usr/local/berkeleydb/lib conftest.c -lresolv  1>&5
configure:23540: checking for strdup
configure:23569: cc -o conftest -g -O2 -I/usr/local/berkeleydb/include -D_GNU_SOURCE -L/usr/local/berkeleydb/lib conftest.c -lresolv  1>&5
configure:23552: warning: conflicting types for built-in function 'strdup'
configure:23540: checking for strerror
configure:23569: cc -o conftest -g -O2 -I/usr/local/berkeleydb/include -D_GNU_SOURCE -L/usr/local/berkeleydb/lib conftest.c -lresolv  1>&5
configure:23540: checking for strpbrk
configure:23569: cc -o conftest -g -O2 -I/usr/local/berkeleydb/include -D_GNU_SOURCE -L/usr/local/berkeleydb/lib conftest.c -lresolv  1>&5
configure:23552: warning: conflicting types for built-in function 'strpbrk'
configure:23540: checking for strrchr
configure:23569: cc -o conftest -g -O2 -I/usr/local/berkeleydb/include -D_GNU_SOURCE -L/usr/local/berkeleydb/lib conftest.c -lresolv  1>&5
configure:23552: warning: conflicting types for built-in function 'strrchr'
configure:23540: checking for strsep
configure:23569: cc -o conftest -g -O2 -I/usr/local/berkeleydb/include -D_GNU_SOURCE -L/usr/local/berkeleydb/lib conftest.c -lresolv  1>&5
configure:23540: checking for strstr
configure:23569: cc -o conftest -g -O2 -I/usr/local/berkeleydb/include -D_GNU_SOURCE -L/usr/local/berkeleydb/lib conftest.c -lresolv  1>&5
configure:23552: warning: conflicting types for built-in function 'strstr'
configure:23540: checking for strtol
configure:23569: cc -o conftest -g -O2 -I/usr/local/berkeleydb/include -D_GNU_SOURCE -L/usr/local/berkeleydb/lib conftest.c -lresolv  1>&5
configure:23540: checking for strtoul
configure:23569: cc -o conftest -g -O2 -I/usr/local/berkeleydb/include -D_GNU_SOURCE -L/usr/local/berkeleydb/lib conftest.c -lresolv  1>&5
configure:23540: checking for strtoq
configure:23569: cc -o conftest -g -O2 -I/usr/local/berkeleydb/include -D_GNU_SOURCE -L/usr/local/berkeleydb/lib conftest.c -lresolv  1>&5
configure:23540: checking for strtouq
configure:23569: cc -o conftest -g -O2 -I/usr/local/berkeleydb/include -D_GNU_SOURCE -L/usr/local/berkeleydb/lib conftest.c -lresolv  1>&5
configure:23540: checking for strtoll
configure:23569: cc -o conftest -g -O2 -I/usr/local/berkeleydb/include -D_GNU_SOURCE -L/usr/local/berkeleydb/lib conftest.c -lresolv  1>&5
configure:23540: checking for strspn
configure:23569: cc -o conftest -g -O2 -I/usr/local/berkeleydb/include -D_GNU_SOURCE -L/usr/local/berkeleydb/lib conftest.c -lresolv  1>&5
configure:23552: warning: conflicting types for built-in function 'strspn'
configure:23540: checking for sysconf
configure:23569: cc -o conftest -g -O2 -I/usr/local/berkeleydb/include -D_GNU_SOURCE -L/usr/local/berkeleydb/lib conftest.c -lresolv  1>&5
configure:23540: checking for usleep
configure:23569: cc -o conftest -g -O2 -I/usr/local/berkeleydb/include -D_GNU_SOURCE -L/usr/local/berkeleydb/lib conftest.c -lresolv  1>&5
configure:23540: checking for waitpid
configure:23569: cc -o conftest -g -O2 -I/usr/local/berkeleydb/include -D_GNU_SOURCE -L/usr/local/berkeleydb/lib conftest.c -lresolv  1>&5
configure:23540: checking for wait4
configure:23569: cc -o conftest -g -O2 -I/usr/local/berkeleydb/include -D_GNU_SOURCE -L/usr/local/berkeleydb/lib conftest.c -lresolv  1>&5
configure:23540: checking for write
configure:23569: cc -o conftest -g -O2 -I/usr/local/berkeleydb/include -D_GNU_SOURCE -L/usr/local/berkeleydb/lib conftest.c -lresolv  1>&5
configure:23540: checking for send
configure:23569: cc -o conftest -g -O2 -I/usr/local/berkeleydb/include -D_GNU_SOURCE -L/usr/local/berkeleydb/lib conftest.c -lresolv  1>&5
configure:23540: checking for sendmsg
configure:23569: cc -o conftest -g -O2 -I/usr/local/berkeleydb/include -D_GNU_SOURCE -L/usr/local/berkeleydb/lib conftest.c -lresolv  1>&5
configure:23540: checking for sendto
configure:23569: cc -o conftest -g -O2 -I/usr/local/berkeleydb/include -D_GNU_SOURCE -L/usr/local/berkeleydb/lib conftest.c -lresolv  1>&5
configure:23597: checking for getopt
configure:23626: cc -o conftest -g -O2 -I/usr/local/berkeleydb/include -D_GNU_SOURCE -L/usr/local/berkeleydb/lib conftest.c -lresolv  1>&5
configure:23597: checking for getpeereid
configure:23626: cc -o conftest -g -O2 -I/usr/local/berkeleydb/include -D_GNU_SOURCE -L/usr/local/berkeleydb/lib conftest.c -lresolv  1>&5
/tmp/ccW6HvWG.o: In function `main':
/opt/data/openldap-2.2.30/configure:23620: undefined reference to `getpeereid'
collect2: ld returned 1 exit status
configure: failed program was:
#line 23602 "configure"
#include "confdefs.h"
/* System header to define __stub macros and hopefully few prototypes,
    which can conflict with char getpeereid(); below.  */
#include <assert.h>
/* Override any gcc2 internal prototype to avoid an error.  */
/* We use char because int might match the return type of a gcc2
    builtin and then its argument prototype would still apply.  */
char getpeereid();
char (*f)();

int main() {

/* The GNU C library defines this for functions which it implements
    to always fail with ENOSYS.  Some functions are actually named
    something starting with __ and the normal name is an alias.  */
#if defined (__stub_getpeereid) || defined (__stub___getpeereid)
choke me
#else
f = getpeereid;
#endif

; return 0; }
configure:23658: checking for msg_accrights in msghdr
configure:23670: cc -c -g -O2 -I/usr/local/berkeleydb/include -D_GNU_SOURCE conftest.c 1>&5
configure: In function 'main':
configure:23666: error: 'struct msghdr' has no member named 'msg_accrightslen'
configure: failed program was:
#line 23663 "configure"
#include "confdefs.h"
#include <sys/socket.h>
int main() {
struct msghdr m; m.msg_accrightslen=0
; return 0; }
configure:23710: checking declaration of sys_errlist
configure:23729: cc -c -g -O2 -I/usr/local/berkeleydb/include -D_GNU_SOURCE conftest.c 1>&5
